# JRE version: OpenJDK Runtime Environment Temurin-21.0.11+10 (21.0.11+10) (build 21.0.11+10-LTS)
# Java VM: OpenJDK 64-Bit Server VM Temurin-21.0.11+10 (21.0.11+10-LTS, mixed mode, sharing, tiered, compressed oops, compressed class ptrs, parallel gc, windows-amd64)
GC Precious Log:
 CardTable entry size: 512
 CPUs: 8 total, 8 available
 Memory: 14709M
 Large Page Support: Disabled
 NUMA Support: Disabled
 Compressed Oops: Enabled (32-bit)
 Alignments: Space 512K, Generation 512K, Heap 2M
 Heap Min Capacity: 100M
 Heap Initial Capacity: 100M
 Heap Max Capacity: 2G
 Pre-touch: Disabled
 Parallel Workers: 8
Heap:
 PSYoungGen      total 4608K, used 3261K [0x00000000d5580000, 0x00000000d5c80000, 0x0000000100000000)
  eden space 3072K, 72% used [0x00000000d5580000,0x00000000d57af780,0x00000000d5880000)
  from space 1536K, 66% used [0x00000000d5900000,0x00000000d5a00010,0x00000000d5a80000)
  to   space 1536K, 0% used [0x00000000d5b00000,0x00000000d5b00000,0x00000000d5c80000)
 ParOldGen       total 1284608K, used 1284523K [0x0000000080000000, 0x00000000ce680000, 0x00000000d5580000)
  object space 1284608K, 99% used [0x0000000080000000,0x00000000ce66ae18,0x00000000ce680000)
 Metaspace       used 95815K, committed 97664K, reserved 1179648K
  class space    used 9706K, committed 10496K, reserved 1048576K
GC Heap History (20 events):
Event: 2961.020 GC heap before
{Heap before GC invocations=5758 (full 6):
 PSYoungGen      total 3072K, used 3056K [0x00000000d5580000, 0x00000000d5a00000, 0x0000000100000000)
  eden space 2560K, 100% used [0x00000000d5580000,0x00000000d5800000,0x00000000d5800000)
  from space 512K, 96% used [0x00000000d5800000,0x00000000d587c010,0x00000000d5880000)
  to   space 1024K, 0% used [0x00000000d5900000,0x00000000d5900000,0x00000000d5a00000)
 ParOldGen       total 1273856K, used 1273549K [0x0000000080000000, 0x00000000cdc00000, 0x00000000d5580000)
  object space 1273856K, 99% used [0x0000000080000000,0x00000000cdbb3468,0x00000000cdc00000)
 Metaspace       used 95814K, committed 97664K, reserved 1179648K
  class space    used 9706K, committed 10496K, reserved 1048576K
}
Event: 2961.022 GC heap after
{Heap after GC invocations=5758 (full 6):
 PSYoungGen      total 3584K, used 528K [0x00000000d5580000, 0x00000000d5a00000, 0x0000000100000000)
  eden space 2560K, 0% used [0x00000000d5580000,0x00000000d5580000,0x00000000d5800000)
  from space 1024K, 51% used [0x00000000d5900000,0x00000000d5984010,0x00000000d5a00000)
  to   space 1024K, 0% used [0x00000000d5800000,0x00000000d5800000,0x00000000d5900000)
 ParOldGen       total 1274368K, used 1274018K [0x0000000080000000, 0x00000000cdc80000, 0x00000000d5580000)
  object space 1274368K, 99% used [0x0000000080000000,0x00000000cdc288f8,0x00000000cdc80000)
 Metaspace       used 95814K, committed 97664K, reserved 1179648K
  class space    used 9706K, committed 10496K, reserved 1048576K
}
Event: 2961.096 GC heap before
{Heap before GC invocations=5759 (full 6):
 PSYoungGen      total 3584K, used 3088K [0x00000000d5580000, 0x00000000d5a00000, 0x0000000100000000)
  eden space 2560K, 100% used [0x00000000d5580000,0x00000000d5800000,0x00000000d5800000)
  from space 1024K, 51% used [0x00000000d5900000,0x00000000d5984010,0x00000000d5a00000)
  to   space 1024K, 0% used [0x00000000d5800000,0x00000000d5800000,0x00000000d5900000)
 ParOldGen       total 1274368K, used 1274018K [0x0000000080000000, 0x00000000cdc80000, 0x00000000d5580000)
  object space 1274368K, 99% used [0x0000000080000000,0x00000000cdc288f8,0x00000000cdc80000)
 Metaspace       used 95814K, committed 97664K, reserved 1179648K
  class space    used 9706K, committed 10496K, reserved 1048576K
}
Event: 2961.099 GC heap after
{Heap after GC invocations=5759 (full 6):
 PSYoungGen      total 3584K, used 400K [0x00000000d5580000, 0x00000000d5980000, 0x0000000100000000)
  eden space 2560K, 0% used [0x00000000d5580000,0x00000000d5580000,0x00000000d5800000)
  from space 1024K, 39% used [0x00000000d5800000,0x00000000d5864010,0x00000000d5900000)
  to   space 512K, 0% used [0x00000000d5900000,0x00000000d5900000,0x00000000d5980000)
 ParOldGen       total 1274368K, used 1274114K [0x0000000080000000, 0x00000000cdc80000, 0x00000000d5580000)
  object space 1274368K, 99% used [0x0000000080000000,0x00000000cdc408f8,0x00000000cdc80000)
 Metaspace       used 95814K, committed 97664K, reserved 1179648K
  class space    used 9706K, committed 10496K, reserved 1048576K
}
Event: 2961.698 GC heap before
{Heap before GC invocations=5760 (full 6):
 PSYoungGen      total 3584K, used 2960K [0x00000000d5580000, 0x00000000d5980000, 0x0000000100000000)
  eden space 2560K, 99% used [0x00000000d5580000,0x00000000d57ffff0,0x00000000d5800000)
  from space 1024K, 39% used [0x00000000d5800000,0x00000000d5864010,0x00000000d5900000)
  to   space 512K, 0% used [0x00000000d5900000,0x00000000d5900000,0x00000000d5980000)
 ParOldGen       total 1274368K, used 1274114K [0x0000000080000000, 0x00000000cdc80000, 0x00000000d5580000)
  object space 1274368K, 99% used [0x0000000080000000,0x00000000cdc408f8,0x00000000cdc80000)
 Metaspace       used 95814K, committed 97664K, reserved 1179648K
  class space    used 9706K, committed 10496K, reserved 1048576K
}
Event: 2961.704 GC heap after
{Heap after GC invocations=5760 (full 6):
 PSYoungGen      total 3072K, used 224K [0x00000000d5580000, 0x00000000d5980000, 0x0000000100000000)
  eden space 2560K, 0% used [0x00000000d5580000,0x00000000d5580000,0x00000000d5800000)
  from space 512K, 43% used [0x00000000d5900000,0x00000000d5938000,0x00000000d5980000)
  to   space 512K, 0% used [0x00000000d5880000,0x00000000d5880000,0x00000000d5900000)
 ParOldGen       total 1274368K, used 1274130K [0x0000000080000000, 0x00000000cdc80000, 0x00000000d5580000)
  object space 1274368K, 99% used [0x0000000080000000,0x00000000cdc448f8,0x00000000cdc80000)
 Metaspace       used 95814K, committed 97664K, reserved 1179648K
  class space    used 9706K, committed 10496K, reserved 1048576K
}
Event: 2961.730 GC heap before
{Heap before GC invocations=5761 (full 6):
 PSYoungGen      total 3072K, used 2784K [0x00000000d5580000, 0x00000000d5980000, 0x0000000100000000)
  eden space 2560K, 100% used [0x00000000d5580000,0x00000000d5800000,0x00000000d5800000)
  from space 512K, 43% used [0x00000000d5900000,0x00000000d5938000,0x00000000d5980000)
  to   space 512K, 0% used [0x00000000d5880000,0x00000000d5880000,0x00000000d5900000)
 ParOldGen       total 1274368K, used 1274130K [0x0000000080000000, 0x00000000cdc80000, 0x00000000d5580000)
  object space 1274368K, 99% used [0x0000000080000000,0x00000000cdc448f8,0x00000000cdc80000)
 Metaspace       used 95814K, committed 97664K, reserved 1179648K
  class space    used 9706K, committed 10496K, reserved 1048576K
}
Event: 2961.735 GC heap after
{Heap after GC invocations=5761 (full 6):
 PSYoungGen      total 3072K, used 499K [0x00000000d5580000, 0x00000000d5d00000, 0x0000000100000000)
  eden space 2560K, 0% used [0x00000000d5580000,0x00000000d5580000,0x00000000d5800000)
  from space 512K, 97% used [0x00000000d5880000,0x00000000d58fcef0,0x00000000d5900000)
  to   space 2560K, 0% used [0x00000000d5a80000,0x00000000d5a80000,0x00000000d5d00000)
 ParOldGen       total 1275904K, used 1275645K [0x0000000080000000, 0x00000000cde00000, 0x00000000d5580000)
  object space 1275904K, 99% used [0x0000000080000000,0x00000000cddbf7e8,0x00000000cde00000)
 Metaspace       used 95814K, committed 97664K, reserved 1179648K
  class space    used 9706K, committed 10496K, reserved 1048576K
}
Event: 2961.743 GC heap before
{Heap before GC invocations=5762 (full 6):
 PSYoungGen      total 3072K, used 3059K [0x00000000d5580000, 0x00000000d5d00000, 0x0000000100000000)
  eden space 2560K, 100% used [0x00000000d5580000,0x00000000d5800000,0x00000000d5800000)
  from space 512K, 97% used [0x00000000d5880000,0x00000000d58fcef0,0x00000000d5900000)
  to   space 2560K, 0% used [0x00000000d5a80000,0x00000000d5a80000,0x00000000d5d00000)
 ParOldGen       total 1275904K, used 1275645K [0x0000000080000000, 0x00000000cde00000, 0x00000000d5580000)
  object space 1275904K, 99% used [0x0000000080000000,0x00000000cddbf7e8,0x00000000cde00000)
 Metaspace       used 95814K, committed 97664K, reserved 1179648K
  class space    used 9706K, committed 10496K, reserved 1048576K
}
Event: 2961.747 GC heap after
{Heap after GC invocations=5762 (full 6):
 PSYoungGen      total 4096K, used 2560K [0x00000000d5580000, 0x00000000d5f00000, 0x0000000100000000)
  eden space 1536K, 0% used [0x00000000d5580000,0x00000000d5580000,0x00000000d5700000)
  from space 2560K, 100% used [0x00000000d5a80000,0x00000000d5d00000,0x00000000d5d00000)
  to   space 3584K, 0% used [0x00000000d5700000,0x00000000d5700000,0x00000000d5a80000)
 ParOldGen       total 1276416K, used 1276193K [0x0000000080000000, 0x00000000cde80000, 0x00000000d5580000)
  object space 1276416K, 99% used [0x0000000080000000,0x00000000cde486e8,0x00000000cde80000)
 Metaspace       used 95814K, committed 97664K, reserved 1179648K
  class space    used 9706K, committed 10496K, reserved 1048576K
}
Event: 2961.754 GC heap before
{Heap before GC invocations=5763 (full 6):
 PSYoungGen      total 4096K, used 3943K [0x00000000d5580000, 0x00000000d5f00000, 0x0000000100000000)
  eden space 1536K, 90% used [0x00000000d5580000,0x00000000d56d9d60,0x00000000d5700000)
  from space 2560K, 100% used [0x00000000d5a80000,0x00000000d5d00000,0x00000000d5d00000)
  to   space 3584K, 0% used [0x00000000d5700000,0x00000000d5700000,0x00000000d5a80000)
 ParOldGen       total 1276416K, used 1276193K [0x0000000080000000, 0x00000000cde80000, 0x00000000d5580000)
  object space 1276416K, 99% used [0x0000000080000000,0x00000000cde486e8,0x00000000cde80000)
 Metaspace       used 95814K, committed 97664K, reserved 1179648K
  class space    used 9706K, committed 10496K, reserved 1048576K
}
Event: 2961.758 GC heap after
{Heap after GC invocations=5763 (full 6):
 PSYoungGen      total 3072K, used 1288K [0x00000000d5580000, 0x00000000d5b80000, 0x0000000100000000)
  eden space 1536K, 0% used [0x00000000d5580000,0x00000000d5580000,0x00000000d5700000)
  from space 1536K, 83% used [0x00000000d5700000,0x00000000d5842000,0x00000000d5880000)
  to   space 2048K, 0% used [0x00000000d5980000,0x00000000d5980000,0x00000000d5b80000)
 ParOldGen       total 1278976K, used 1278737K [0x0000000080000000, 0x00000000ce100000, 0x00000000d5580000)
  object space 1278976K, 99% used [0x0000000080000000,0x00000000ce0c46e8,0x00000000ce100000)
 Metaspace       used 95814K, committed 97664K, reserved 1179648K
  class space    used 9706K, committed 10496K, reserved 1048576K
}
Event: 2961.770 GC heap before
{Heap before GC invocations=5764 (full 6):
 PSYoungGen      total 3072K, used 2824K [0x00000000d5580000, 0x00000000d5b80000, 0x0000000100000000)
  eden space 1536K, 100% used [0x00000000d5580000,0x00000000d5700000,0x00000000d5700000)
  from space 1536K, 83% used [0x00000000d5700000,0x00000000d5842000,0x00000000d5880000)
  to   space 2048K, 0% used [0x00000000d5980000,0x00000000d5980000,0x00000000d5b80000)
 ParOldGen       total 1278976K, used 1278737K [0x0000000080000000, 0x00000000ce100000, 0x00000000d5580000)
  object space 1278976K, 99% used [0x0000000080000000,0x00000000ce0c46e8,0x00000000ce100000)
 Metaspace       used 95814K, committed 97664K, reserved 1179648K
  class space    used 9706K, committed 10496K, reserved 1048576K
}
Event: 2961.774 GC heap after
{Heap after GC invocations=5764 (full 6):
 PSYoungGen      total 3584K, used 1280K [0x00000000d5580000, 0x00000000d5b00000, 0x0000000100000000)
  eden space 2048K, 0% used [0x00000000d5580000,0x00000000d5580000,0x00000000d5780000)
  from space 1536K, 83% used [0x00000000d5980000,0x00000000d5ac0000,0x00000000d5b00000)
  to   space 1536K, 0% used [0x00000000d5800000,0x00000000d5800000,0x00000000d5980000)
 ParOldGen       total 1280000K, used 1279777K [0x0000000080000000, 0x00000000ce200000, 0x00000000d5580000)
  object space 1280000K, 99% used [0x0000000080000000,0x00000000ce1c86e8,0x00000000ce200000)
 Metaspace       used 95814K, committed 97664K, reserved 1179648K
  class space    used 9706K, committed 10496K, reserved 1048576K
}
Event: 2961.792 GC heap before
{Heap before GC invocations=5765 (full 6):
 PSYoungGen      total 3584K, used 3328K [0x00000000d5580000, 0x00000000d5b00000, 0x0000000100000000)
  eden space 2048K, 100% used [0x00000000d5580000,0x00000000d5780000,0x00000000d5780000)
  from space 1536K, 83% used [0x00000000d5980000,0x00000000d5ac0000,0x00000000d5b00000)
  to   space 1536K, 0% used [0x00000000d5800000,0x00000000d5800000,0x00000000d5980000)
 ParOldGen       total 1280000K, used 1279777K [0x0000000080000000, 0x00000000ce200000, 0x00000000d5580000)
  object space 1280000K, 99% used [0x0000000080000000,0x00000000ce1c86e8,0x00000000ce200000)
 Metaspace       used 95814K, committed 97664K, reserved 1179648K
  class space    used 9706K, committed 10496K, reserved 1048576K
}
Event: 2961.796 GC heap after
{Heap after GC invocations=5765 (full 6):
 PSYoungGen      total 4096K, used 1513K [0x00000000d5580000, 0x00000000d6000000, 0x0000000100000000)
  eden space 2560K, 0% used [0x00000000d5580000,0x00000000d5580000,0x00000000d5800000)
  from space 1536K, 98% used [0x00000000d5800000,0x00000000d597a710,0x00000000d5980000)
  to   space 4096K, 0% used [0x00000000d5c00000,0x00000000d5c00000,0x00000000d6000000)
 ParOldGen       total 1281536K, used 1281521K [0x0000000080000000, 0x00000000ce380000, 0x00000000d5580000)
  object space 1281536K, 99% used [0x0000000080000000,0x00000000ce37c6e8,0x00000000ce380000)
 Metaspace       used 95814K, committed 97664K, reserved 1179648K
  class space    used 9706K, committed 10496K, reserved 1048576K
}
Event: 2961.802 GC heap before
{Heap before GC invocations=5766 (full 6):
 PSYoungGen      total 4096K, used 4073K [0x00000000d5580000, 0x00000000d6000000, 0x0000000100000000)
  eden space 2560K, 100% used [0x00000000d5580000,0x00000000d5800000,0x00000000d5800000)
  from space 1536K, 98% used [0x00000000d5800000,0x00000000d597a710,0x00000000d5980000)
  to   space 4096K, 0% used [0x00000000d5c00000,0x00000000d5c00000,0x00000000d6000000)
 ParOldGen       total 1281536K, used 1281521K [0x0000000080000000, 0x00000000ce380000, 0x00000000d5580000)
  object space 1281536K, 99% used [0x0000000080000000,0x00000000ce37c6e8,0x00000000ce380000)
 Metaspace       used 95815K, committed 97664K, reserved 1179648K
  class space    used 9706K, committed 10496K, reserved 1048576K
}
Event: 2961.806 GC heap after
{Heap after GC invocations=5766 (full 6):
 PSYoungGen      total 5120K, used 1976K [0x00000000d5580000, 0x00000000d5e00000, 0x0000000100000000)
  eden space 3072K, 0% used [0x00000000d5580000,0x00000000d5580000,0x00000000d5880000)
  from space 2048K, 96% used [0x00000000d5c00000,0x00000000d5dee030,0x00000000d5e00000)
  to   space 2560K, 0% used [0x00000000d5900000,0x00000000d5900000,0x00000000d5b80000)
 ParOldGen       total 1283072K, used 1283059K [0x0000000080000000, 0x00000000ce500000, 0x00000000d5580000)
  object space 1283072K, 99% used [0x0000000080000000,0x00000000ce4fcdf8,0x00000000ce500000)
 Metaspace       used 95815K, committed 97664K, reserved 1179648K
  class space    used 9706K, committed 10496K, reserved 1048576K
}
Event: 2962.129 GC heap before
{Heap before GC invocations=5767 (full 6):
 PSYoungGen      total 5120K, used 5048K [0x00000000d5580000, 0x00000000d5e00000, 0x0000000100000000)
  eden space 3072K, 100% used [0x00000000d5580000,0x00000000d5880000,0x00000000d5880000)
  from space 2048K, 96% used [0x00000000d5c00000,0x00000000d5dee030,0x00000000d5e00000)
  to   space 2560K, 0% used [0x00000000d5900000,0x00000000d5900000,0x00000000d5b80000)
 ParOldGen       total 1283072K, used 1283059K [0x0000000080000000, 0x00000000ce500000, 0x00000000d5580000)
  object space 1283072K, 99% used [0x0000000080000000,0x00000000ce4fcdf8,0x00000000ce500000)
 Metaspace       used 95815K, committed 97664K, reserved 1179648K
  class space    used 9706K, committed 10496K, reserved 1048576K
}
Event: 2962.133 GC heap after
{Heap after GC invocations=5767 (full 6):
 PSYoungGen      total 4608K, used 1024K [0x00000000d5580000, 0x00000000d5c80000, 0x0000000100000000)
  eden space 3072K, 0% used [0x00000000d5580000,0x00000000d5580000,0x00000000d5880000)
  from space 1536K, 66% used [0x00000000d5900000,0x00000000d5a00010,0x00000000d5a80000)
  to   space 1536K, 0% used [0x00000000d5b00000,0x00000000d5b00000,0x00000000d5c80000)
 ParOldGen       total 1284608K, used 1284523K [0x0000000080000000, 0x00000000ce680000, 0x00000000d5580000)
  object space 1284608K, 99% used [0x0000000080000000,0x00000000ce66ae18,0x00000000ce680000)
 Metaspace       used 95815K, committed 97664K, reserved 1179648K
  class space    used 9706K, committed 10496K, reserved 1048576K
}

